/usr/local/lib/python2.7/dist-packages/h5py/__init__.py:36: FutureWarning: Conversion of the second argument of issubdtype from `float` to `np.floating` is deprecated. In future, it will be treated as `np.float64 == np.dtype(float).type`.
  from ._conv import register_converters as _register_converters
/usr/local/lib/python2.7/dist-packages/h5py/__init__.py:36: FutureWarning: Conversion of the second argument of issubdtype from `float` to `np.floating` is deprecated. In future, it will be treated as `np.float64 == np.dtype(float).type`.
  from ._conv import register_converters as _register_converters
Epoch 0/24
----------
train Loss: 0.9990 Acc: 0.5094
validation Loss: 0.8696 Acc: 0.6613
test Loss: 0.8525 Acc: 0.6765
Epoch 1/24
----------
train Loss: 0.8236 Acc: 0.6561
validation Loss: 0.7626 Acc: 0.7219
test Loss: 0.7490 Acc: 0.7327
Epoch 2/24
----------
train Loss: 0.7517 Acc: 0.6902
validation Loss: 0.7095 Acc: 0.7348
test Loss: 0.6968 Acc: 0.7413
Epoch 3/24
----------
train Loss: 0.7162 Acc: 0.7003
validation Loss: 0.6769 Acc: 0.7340
test Loss: 0.6685 Acc: 0.7362
Epoch 4/24
----------
train Loss: 0.6873 Acc: 0.7130
validation Loss: 0.6569 Acc: 0.7478
test Loss: 0.6476 Acc: 0.7474
Epoch 5/24
----------
train Loss: 0.6657 Acc: 0.7237
validation Loss: 0.6461 Acc: 0.7518
test Loss: 0.6319 Acc: 0.7535
Epoch 6/24
----------
train Loss: 0.6535 Acc: 0.7358
validation Loss: 0.6272 Acc: 0.7526
test Loss: 0.6234 Acc: 0.7526
Epoch 7/24
----------
train Loss: 0.6510 Acc: 0.7280
validation Loss: 0.6174 Acc: 0.7559
test Loss: 0.6182 Acc: 0.7491
Epoch 8/24
----------
train Loss: 0.6355 Acc: 0.7349
validation Loss: 0.6088 Acc: 0.7639
test Loss: 0.6076 Acc: 0.7517
Epoch 9/24
----------
train Loss: 0.6372 Acc: 0.7346
validation Loss: 0.6027 Acc: 0.7639
test Loss: 0.5984 Acc: 0.7578
Epoch 10/24
----------
train Loss: 0.6292 Acc: 0.7413
validation Loss: 0.5968 Acc: 0.7648
test Loss: 0.5945 Acc: 0.7561
Epoch 11/24
----------
train Loss: 0.6241 Acc: 0.7366
validation Loss: 0.5932 Acc: 0.7696
test Loss: 0.5886 Acc: 0.7587
Epoch 12/24
----------
train Loss: 0.6222 Acc: 0.7447
validation Loss: 0.5981 Acc: 0.7623
test Loss: 0.5913 Acc: 0.7569
Epoch 13/24
----------
train Loss: 0.6165 Acc: 0.7450
validation Loss: 0.5845 Acc: 0.7704
test Loss: 0.5816 Acc: 0.7647
Epoch 14/24
----------
train Loss: 0.6064 Acc: 0.7574
validation Loss: 0.5844 Acc: 0.7680
test Loss: 0.5807 Acc: 0.7630
Epoch 15/24
----------
train Loss: 0.6095 Acc: 0.7511
validation Loss: 0.5780 Acc: 0.7688
test Loss: 0.5799 Acc: 0.7630
Epoch 16/24
----------
train Loss: 0.6030 Acc: 0.7476
validation Loss: 0.5754 Acc: 0.7745
test Loss: 0.5726 Acc: 0.7664
Epoch 17/24
----------
train Loss: 0.5987 Acc: 0.7482
validation Loss: 0.5724 Acc: 0.7745
test Loss: 0.5707 Acc: 0.7673
Epoch 18/24
----------
train Loss: 0.5864 Acc: 0.7583
validation Loss: 0.5697 Acc: 0.7817
test Loss: 0.5669 Acc: 0.7621
Epoch 19/24
----------
train Loss: 0.5968 Acc: 0.7496
validation Loss: 0.5677 Acc: 0.7777
test Loss: 0.5654 Acc: 0.7682
Epoch 20/24
----------
train Loss: 0.5836 Acc: 0.7551
validation Loss: 0.5676 Acc: 0.7720
test Loss: 0.5666 Acc: 0.7690
Epoch 21/24
----------
train Loss: 0.5917 Acc: 0.7537
validation Loss: 0.5672 Acc: 0.7753
test Loss: 0.5622 Acc: 0.7708
Epoch 22/24
----------
train Loss: 0.5953 Acc: 0.7517
validation Loss: 0.5631 Acc: 0.7769
test Loss: 0.5612 Acc: 0.7656
Epoch 23/24
----------
train Loss: 0.5924 Acc: 0.7540
validation Loss: 0.5607 Acc: 0.7801
test Loss: 0.5609 Acc: 0.7664
Epoch 24/24
----------
train Loss: 0.5848 Acc: 0.7566
validation Loss: 0.5613 Acc: 0.7777
test Loss: 0.5581 Acc: 0.7716
Training complete in 6m 26s
Best validation Acc: 0.781730

VGG16 best hyper-parameters LR: 0.0001 Reg: 0.0001


Epoch 0/24
----------
train Loss: 1.1557 Acc: 0.3763
validation Loss: 1.2001 Acc: 0.2344
test Loss: 1.1980 Acc: 0.2258
Epoch 1/24
----------
train Loss: 0.9850 Acc: 0.5140
validation Loss: 0.9369 Acc: 0.5740
test Loss: 0.9292 Acc: 0.5882
Epoch 2/24
----------
train Loss: 0.8833 Acc: 0.6122
validation Loss: 0.8533 Acc: 0.6370
test Loss: 0.8476 Acc: 0.6419
Epoch 3/24
----------
train Loss: 0.8124 Acc: 0.6699
validation Loss: 0.7871 Acc: 0.6880
test Loss: 0.7871 Acc: 0.6955
Epoch 4/24
----------
train Loss: 0.7619 Acc: 0.7075
validation Loss: 0.7375 Acc: 0.7227
test Loss: 0.7430 Acc: 0.7137
Epoch 5/24
----------
train Loss: 0.7216 Acc: 0.7297
validation Loss: 0.7070 Acc: 0.7268
test Loss: 0.7137 Acc: 0.7171
Epoch 6/24
----------
train Loss: 0.6928 Acc: 0.7404
validation Loss: 0.6816 Acc: 0.7389
test Loss: 0.6881 Acc: 0.7310
Epoch 7/24
----------
train Loss: 0.6749 Acc: 0.7450
validation Loss: 0.6567 Acc: 0.7542
test Loss: 0.6687 Acc: 0.7422
Epoch 8/24
----------
train Loss: 0.6565 Acc: 0.7496
validation Loss: 0.6395 Acc: 0.7615
test Loss: 0.6548 Acc: 0.7457
Epoch 9/24
----------
train Loss: 0.6406 Acc: 0.7554
validation Loss: 0.6275 Acc: 0.7712
test Loss: 0.6413 Acc: 0.7448
Epoch 10/24
----------
train Loss: 0.6308 Acc: 0.7606
validation Loss: 0.6163 Acc: 0.7720
test Loss: 0.6345 Acc: 0.7526
Epoch 11/24
----------
train Loss: 0.6162 Acc: 0.7609
validation Loss: 0.6077 Acc: 0.7736
test Loss: 0.6263 Acc: 0.7517
Epoch 12/24
----------
train Loss: 0.6115 Acc: 0.7649
validation Loss: 0.5981 Acc: 0.7777
test Loss: 0.6171 Acc: 0.7535
Epoch 13/24
----------
train Loss: 0.6044 Acc: 0.7655
validation Loss: 0.5903 Acc: 0.7761
test Loss: 0.6133 Acc: 0.7561
Epoch 14/24
----------
train Loss: 0.5970 Acc: 0.7684
validation Loss: 0.5872 Acc: 0.7825
test Loss: 0.6077 Acc: 0.7604
Epoch 15/24
----------
train Loss: 0.5927 Acc: 0.7710
validation Loss: 0.5806 Acc: 0.7801
test Loss: 0.6017 Acc: 0.7621
Epoch 16/24
----------
train Loss: 0.5847 Acc: 0.7762
validation Loss: 0.5737 Acc: 0.7809
test Loss: 0.5985 Acc: 0.7612
Epoch 17/24
----------
train Loss: 0.5761 Acc: 0.7762
validation Loss: 0.5701 Acc: 0.7793
test Loss: 0.5949 Acc: 0.7621
Epoch 18/24
----------
train Loss: 0.5774 Acc: 0.7730
validation Loss: 0.5674 Acc: 0.7809
test Loss: 0.5916 Acc: 0.7647
Epoch 19/24
----------
train Loss: 0.5771 Acc: 0.7725
validation Loss: 0.5651 Acc: 0.7801
test Loss: 0.5892 Acc: 0.7612
Epoch 20/24
----------
train Loss: 0.5688 Acc: 0.7756
validation Loss: 0.5598 Acc: 0.7817
test Loss: 0.5859 Acc: 0.7682
Epoch 21/24
----------
train Loss: 0.5673 Acc: 0.7779
validation Loss: 0.5588 Acc: 0.7866
test Loss: 0.5833 Acc: 0.7630
Epoch 22/24
----------
train Loss: 0.5602 Acc: 0.7846
validation Loss: 0.5557 Acc: 0.7890
test Loss: 0.5804 Acc: 0.7673
Epoch 23/24
----------
train Loss: 0.5615 Acc: 0.7805
validation Loss: 0.5499 Acc: 0.7842
test Loss: 0.5786 Acc: 0.7664
Epoch 24/24
----------
train Loss: 0.5542 Acc: 0.7776
validation Loss: 0.5496 Acc: 0.7833
test Loss: 0.5756 Acc: 0.7699
Training complete in 2m 1s
Best validation Acc: 0.789006

ResNet18 best hyper-parameters LR: 0.0001 Reg: 1e-06


Epoch 0/24
----------
train Loss: 1.0492 Acc: 0.4695
validation Loss: 0.9981 Acc: 0.4543
test Loss: 0.9794 Acc: 0.4836
Epoch 1/24
----------
train Loss: 0.9624 Acc: 0.5328
validation Loss: 0.9328 Acc: 0.5570
test Loss: 0.9262 Acc: 0.5770
Epoch 2/24
----------
train Loss: 0.9119 Acc: 0.5986
validation Loss: 0.8797 Acc: 0.6540
test Loss: 0.8776 Acc: 0.6626
Epoch 3/24
----------
train Loss: 0.8625 Acc: 0.6411
validation Loss: 0.8451 Acc: 0.6516
test Loss: 0.8378 Acc: 0.6652
Epoch 4/24
----------
train Loss: 0.8281 Acc: 0.6627
validation Loss: 0.8194 Acc: 0.6548
test Loss: 0.8095 Acc: 0.6713
Epoch 5/24
----------
train Loss: 0.8038 Acc: 0.6838
validation Loss: 0.7967 Acc: 0.6645
test Loss: 0.7821 Acc: 0.6765
Epoch 6/24
----------
train Loss: 0.7785 Acc: 0.6939
validation Loss: 0.7683 Acc: 0.6920
test Loss: 0.7603 Acc: 0.6964
Epoch 7/24
----------
train Loss: 0.7595 Acc: 0.6974
validation Loss: 0.7581 Acc: 0.7154
test Loss: 0.7479 Acc: 0.7275
Epoch 8/24
----------
train Loss: 0.7530 Acc: 0.7023
validation Loss: 0.7313 Acc: 0.7292
test Loss: 0.7275 Acc: 0.7249
Epoch 9/24
----------
train Loss: 0.7351 Acc: 0.7144
validation Loss: 0.7201 Acc: 0.7203
test Loss: 0.7169 Acc: 0.7171
Epoch 10/24
----------
train Loss: 0.7187 Acc: 0.7159
validation Loss: 0.7115 Acc: 0.7268
test Loss: 0.7061 Acc: 0.7232
Epoch 11/24
----------
train Loss: 0.7097 Acc: 0.7257
validation Loss: 0.7050 Acc: 0.7284
test Loss: 0.6990 Acc: 0.7232
Epoch 12/24
----------
train Loss: 0.6979 Acc: 0.7245
validation Loss: 0.6946 Acc: 0.7308
test Loss: 0.6906 Acc: 0.7240
Epoch 13/24
----------
train Loss: 0.7022 Acc: 0.7228
validation Loss: 0.6837 Acc: 0.7373
test Loss: 0.6835 Acc: 0.7396
Epoch 14/24
----------
train Loss: 0.6872 Acc: 0.7260
validation Loss: 0.6754 Acc: 0.7405
test Loss: 0.6726 Acc: 0.7405
Epoch 15/24
----------
train Loss: 0.6811 Acc: 0.7372
validation Loss: 0.6844 Acc: 0.7259
test Loss: 0.6758 Acc: 0.7275
Epoch 16/24
----------
train Loss: 0.6789 Acc: 0.7338
validation Loss: 0.6687 Acc: 0.7397
test Loss: 0.6629 Acc: 0.7439
Epoch 17/24
----------
train Loss: 0.6778 Acc: 0.7326
validation Loss: 0.6685 Acc: 0.7348
test Loss: 0.6595 Acc: 0.7344
Epoch 18/24
----------
train Loss: 0.6692 Acc: 0.7314
validation Loss: 0.6581 Acc: 0.7510
test Loss: 0.6572 Acc: 0.7431
Epoch 19/24
----------
train Loss: 0.6604 Acc: 0.7395
validation Loss: 0.6552 Acc: 0.7454
test Loss: 0.6536 Acc: 0.7388
Epoch 20/24
----------
train Loss: 0.6583 Acc: 0.7401
validation Loss: 0.6535 Acc: 0.7462
test Loss: 0.6437 Acc: 0.7457
Epoch 21/24
----------
train Loss: 0.6565 Acc: 0.7404
validation Loss: 0.6420 Acc: 0.7542
test Loss: 0.6438 Acc: 0.7552
Epoch 22/24
----------
train Loss: 0.6438 Acc: 0.7534
validation Loss: 0.6444 Acc: 0.7494
test Loss: 0.6412 Acc: 0.7491
Epoch 23/24
----------
train Loss: 0.6466 Acc: 0.7482
validation Loss: 0.6455 Acc: 0.7518
test Loss: 0.6409 Acc: 0.7413
Epoch 24/24
----------
train Loss: 0.6405 Acc: 0.7494
validation Loss: 0.6391 Acc: 0.7502
test Loss: 0.6340 Acc: 0.7491
Training complete in 6m 10s
Best validation Acc: 0.754244

Inception3 best hyper-parameters LR: 0.0001 Reg: 0.01


