\BOOKMARK [1][-]{section*.1}{\376\377\000A\000b\000s\000t\000r\000a\000c\000t}{}% 1
\BOOKMARK [1][-]{section.1}{\376\377\0001\000\040\000I\000n\000t\000r\000o\000d\000u\000c\000t\000i\000o\000n}{}% 2
\BOOKMARK [1][-]{section.2}{\376\377\0002\000\040\000P\000r\000e\000l\000i\000m\000i\000n\000a\000r\000i\000e\000s\000\040\000a\000n\000d\000\040\000O\000v\000e\000r\000v\000i\000e\000w}{}% 3
\BOOKMARK [2][-]{subsection.2.1}{\376\377\0002\000.\0001\000\040\000P\000r\000o\000b\000l\000e\000m\000\040\000S\000t\000a\000t\000e\000m\000e\000n\000t\000\040\000a\000n\000d\000\040\000A\000s\000s\000u\000m\000p\000t\000i\000o\000n\000s}{section.2}% 4
\BOOKMARK [2][-]{subsection.2.2}{\376\377\0002\000.\0002\000\040\000D\000e\000e\000p\000\040\000C\000N\000N\000\040\000I\000n\000t\000e\000r\000n\000a\000l\000s}{section.2}% 5
\BOOKMARK [1][-]{section.3}{\376\377\0003\000\040\000I\000n\000c\000r\000e\000m\000e\000n\000t\000a\000l\000\040\000I\000n\000f\000e\000r\000e\000n\000c\000e\000\040\000O\000p\000t\000i\000m\000i\000z\000a\000t\000i\000o\000n\000s}{}% 6
\BOOKMARK [2][-]{subsection.3.1}{\376\377\0003\000.\0001\000\040\000E\000x\000p\000e\000c\000t\000e\000d\000\040\000S\000p\000e\000e\000d\000u\000p\000s}{section.3}% 7
\BOOKMARK [2][-]{subsection.3.2}{\376\377\0003\000.\0002\000\040\000I\000n\000c\000r\000e\000m\000e\000n\000t\000a\000l\000\040\000I\000n\000f\000e\000r\000e\000n\000c\000e\000:\000\040\000O\000f\000\040\000a\000\040\000S\000i\000n\000g\000l\000e\000\040\000L\000a\000y\000e\000r}{section.3}% 8
\BOOKMARK [2][-]{subsection.3.3}{\376\377\0003\000.\0003\000\040\000P\000r\000o\000p\000a\000g\000a\000t\000i\000n\000g\000\040\000P\000a\000t\000c\000h\000e\000s\000\040\000a\000c\000r\000o\000s\000s\000\040\000L\000a\000y\000e\000r\000s}{section.3}% 9
\BOOKMARK [2][-]{subsection.3.4}{\376\377\0003\000.\0004\000\040\000M\000u\000l\000t\000i\000-\000Q\000u\000e\000r\000y\000\040\000I\000n\000f\000e\000r\000e\000n\000c\000e}{section.3}% 10
\BOOKMARK [2][-]{subsection.3.5}{\376\377\0003\000.\0005\000\040\000P\000u\000t\000t\000i\000n\000g\000\040\000i\000t\000\040\000a\000l\000l\000\040\000t\000o\000g\000e\000t\000h\000e\000r}{section.3}% 11
\BOOKMARK [1][-]{section.4}{\376\377\0004\000\040\000A\000p\000p\000r\000o\000x\000i\000m\000a\000t\000e\000\040\000I\000n\000f\000e\000r\000e\000n\000c\000e\000\040\000O\000p\000t\000i\000m\000i\000z\000a\000t\000i\000o\000n\000s}{}% 12
\BOOKMARK [2][-]{subsection.4.1}{\376\377\0004\000.\0001\000\040\000P\000r\000o\000j\000e\000c\000t\000i\000v\000e\000\040\000F\000i\000e\000l\000d\000\040\000T\000h\000r\000e\000s\000h\000o\000l\000d\000i\000n\000g}{section.4}% 13
\BOOKMARK [2][-]{subsection.4.2}{\376\377\0004\000.\0002\000\040\000A\000d\000a\000p\000t\000i\000v\000e\000\040\000D\000r\000i\000l\000l\000-\000D\000o\000w\000n}{section.4}% 14
\BOOKMARK [2][-]{subsection.4.3}{\376\377\0004\000.\0003\000\040\000S\000y\000s\000t\000e\000m\000\040\000T\000u\000n\000i\000n\000g}{section.4}% 15
\BOOKMARK [1][-]{section.5}{\376\377\0005\000\040\000E\000x\000p\000e\000r\000i\000m\000e\000n\000t\000a\000l\000\040\000E\000v\000a\000l\000u\000a\000t\000i\000o\000n}{}% 16
\BOOKMARK [2][-]{subsection.5.1}{\376\377\0005\000.\0001\000\040\000E\000n\000d\000-\000t\000o\000-\000\040\000E\000n\000d\000\040\000E\000v\000a\000l\000u\000a\000t\000i\000o\000n}{section.5}% 17
\BOOKMARK [2][-]{subsection.5.2}{\376\377\0005\000.\0002\000\040\000L\000e\000s\000i\000o\000n\000\040\000S\000t\000u\000d\000y}{section.5}% 18
\BOOKMARK [1][-]{section.6}{\376\377\0006\000\040\000O\000t\000h\000e\000r\000\040\000R\000e\000l\000a\000t\000e\000d\000\040\000W\000o\000r\000k}{}% 19
\BOOKMARK [1][-]{section.7}{\376\377\0007\000\040\000C\000o\000n\000c\000l\000u\000s\000i\000o\000n\000s\000\040\000A\000n\000d\000\040\000F\000u\000t\000u\000r\000e\000\040\000W\000o\000r\000k}{}% 20
\BOOKMARK [1][-]{section*.19}{\376\377\000R\000e\000f\000e\000r\000e\000n\000c\000e\000s}{}% 21
\BOOKMARK [1][-]{appendix.A}{\376\377\000A\000\040\000I\000n\000t\000e\000r\000a\000c\000t\000i\000v\000e\000\040\000M\000o\000d\000e\000\040\000E\000x\000e\000c\000u\000t\000i\000o\000n}{}% 22
\BOOKMARK [1][-]{appendix.B}{\376\377\000B\000\040\000G\000P\000U\000\040\000O\000p\000t\000i\000m\000i\000z\000e\000d\000\040\000K\000e\000r\000n\000e\000l\000\040\000I\000m\000p\000l\000e\000m\000e\000n\000t\000a\000t\000i\000o\000n}{}% 23
\BOOKMARK [1][-]{appendix.C}{\376\377\000C\000\040\000S\000p\000e\000c\000i\000a\000l\000\040\000S\000i\000t\000u\000a\000t\000i\000o\000n\000s\000\040\000w\000i\000t\000h\000\040\000I\000n\000c\000r\000e\000m\000e\000n\000t\000a\000l\000\040\000I\000n\000f\000e\000r\000e\000n\000c\000e}{}% 24
\BOOKMARK [1][-]{appendix.D}{\376\377\000D\000\040\000E\000f\000f\000e\000c\000t\000i\000v\000e\000\040\000P\000r\000o\000j\000e\000c\000t\000i\000v\000e\000\040\000F\000i\000e\000l\000d\000\040\000S\000i\000z\000e\000\040\000\050\000O\000n\000e\000\040\000d\000i\000m\000e\000n\000s\000i\000o\000n\000a\000l\000\040\000s\000c\000e\000n\000a\000r\000i\000o\000\051}{}% 25
\BOOKMARK [1][-]{appendix.E}{\376\377\000E\000\040\000F\000i\000n\000e\000-\000t\000u\000n\000i\000n\000g\000\040\000C\000N\000N\000s}{}% 26
\BOOKMARK [1][-]{appendix.F}{\376\377\000F\000\040\000V\000i\000s\000u\000a\000l\000\040\000E\000x\000a\000m\000p\000l\000e\000s}{}% 27
